000 (5543761.000.000) 03/30 04:57:40 Job submitted from host: <188.185.121.235:9618?addrs=188.185.121.235-9618+[2001-1458-d00-49--100-36e]-9618&alias=bigbird22.cern.ch&noUDP&sock=schedd_7958_1ac4>
...
040 (5543761.000.000) 03/30 05:01:18 Started transferring input files
	Transferring to host: <188.184.195.225:9618?addrs=188.184.195.225-9618+[2001-1458-301-72--100-304]-9618&alias=b9g47n3701.cern.ch&noUDP&sock=slot1_1_2244_d9d4_5922>
...
040 (5543761.000.000) 03/30 05:01:18 Finished transferring input files
...
001 (5543761.000.000) 03/30 05:01:19 Job executing on host: <188.184.195.225:9618?addrs=188.184.195.225-9618+[2001-1458-301-72--100-304]-9618&alias=b9g47n3701.cern.ch&noUDP&sock=startd_2205_066b>
...
006 (5543761.000.000) 03/30 05:01:28 Image size of job updated: 98440
	97  -  MemoryUsage of job (MB)
	98404  -  ResidentSetSize of job (KB)
...
006 (5543761.000.000) 03/30 05:06:28 Image size of job updated: 2762932
	2690  -  MemoryUsage of job (MB)
	2753996  -  ResidentSetSize of job (KB)
...
006 (5543761.000.000) 03/30 05:11:29 Image size of job updated: 2771176
	2706  -  MemoryUsage of job (MB)
	2770940  -  ResidentSetSize of job (KB)
...
006 (5543761.000.000) 03/30 05:21:30 Image size of job updated: 2771344
	2706  -  MemoryUsage of job (MB)
	2770940  -  ResidentSetSize of job (KB)
...
040 (5543761.000.000) 03/30 05:21:30 Started transferring output files
...
040 (5543761.000.000) 03/30 05:21:30 Finished transferring output files
...
009 (5543761.000.000) 03/30 05:21:30 Job was aborted.
	Job removed by SYSTEM_PERIODIC_REMOVE due to wall time exceeded allowed max.
...
