test_log800_logit_recJetpt
selected device is cuda
Output Path:  /eos/user/d/dboncukc/fastsim/test_log800_logit_recJetpt/20240309.root

### get training data

### build model
Sequential(
  (LogTransform): LogTransform()
  (Tanh200Transform): TanhTransform()
  (LogitTransform): LogitTransform()
  (OneHotEncode_RecJet_hadronFlavour_FastSim): OneHotEncode()
  (LinearWithSkipConnection_0): LinearWithSkipConnection(
    (_linears): ModuleList(
      (0): Linear(in_features=10, out_features=1024, bias=True)
      (1): Linear(in_features=1024, out_features=1024, bias=True)
    )
    (_leakyrelus): ModuleList(
      (0): LeakyReLU(negative_slope=0.01)
      (1): LeakyReLU(negative_slope=0.01)
    )
    (_dropouts): ModuleList(
      (0): Dropout(p=0.2, inplace=False)
      (1): Dropout(p=0.2, inplace=False)
    )
  )
  (LinearWithSkipConnection_1): LinearWithSkipConnection(
    (_linears): ModuleList(
      (0): Linear(in_features=1024, out_features=1024, bias=True)
      (1): Linear(in_features=1024, out_features=1024, bias=True)
    )
    (_leakyrelus): ModuleList(
      (0): LeakyReLU(negative_slope=0.01)
      (1): LeakyReLU(negative_slope=0.01)
    )
    (_dropouts): ModuleList(
      (0): Dropout(p=0.2, inplace=False)
      (1): Dropout(p=0.2, inplace=False)
    )
  )
  (LinearWithSkipConnection_2): LinearWithSkipConnection(
    (_linears): ModuleList(
      (0): Linear(in_features=1024, out_features=1024, bias=True)
      (1): Linear(in_features=1024, out_features=1024, bias=True)
    )
    (_leakyrelus): ModuleList(
      (0): LeakyReLU(negative_slope=0.01)
      (1): LeakyReLU(negative_slope=0.01)
    )
    (_dropouts): ModuleList(
      (0): Dropout(p=0.2, inplace=False)
      (1): Dropout(p=0.2, inplace=False)
    )
  )
  (LinearWithSkipConnection_3): LinearWithSkipConnection(
    (_linears): ModuleList(
      (0): Linear(in_features=1024, out_features=1024, bias=True)
      (1): Linear(in_features=1024, out_features=1024, bias=True)
    )
    (_leakyrelus): ModuleList(
      (0): LeakyReLU(negative_slope=0.01)
      (1): LeakyReLU(negative_slope=0.01)
    )
    (_dropouts): ModuleList(
      (0): Dropout(p=0.2, inplace=False)
      (1): Dropout(p=0.2, inplace=False)
    )
  )
  (LinearWithSkipConnection_last): LinearWithSkipConnection(
    (_linears): ModuleList(
      (0): Linear(in_features=1024, out_features=1024, bias=True)
      (1): Linear(in_features=1024, out_features=5, bias=True)
    )
    (_leakyrelus): ModuleList(
      (0): LeakyReLU(negative_slope=0.01)
      (1): LeakyReLU(negative_slope=0.01)
    )
    (_dropouts): ModuleList(
      (0): Dropout(p=0.2, inplace=False)
      (1): Dropout(p=0.2, inplace=False)
    )
  )
  (LogitTransformBack): LogitTransformBack()
  (LogTransformBack): LogTransformBack()
  (CastTo16Bit): CastTo16Bit()
)
8413189 trainable parameters

### start training

# epoch 1

evaluate benchmarks and starting points

benchmarks
mmdfixsigma_output_target, mmd_output_target, mmd_output_target_hadflav0, mmd_output_target_hadflav4, mmd_output_target_hadflav5, mmd_output_target_hadflavSum, mse_output_target, mse_input_output, huber_output_target, huber_input_output, deepjetsum_mean, deepjetsum_std
0.006600910564884543, 0.004980687517672777, 0.007770651485770941, 0.02629912458360195, 0.010523870587348938, 0.01055531669408083, 1.207503080368042, 0.0, 0.05808827839791775, 0.0, 1.0000281929969788, 0.0011246667127124965

start points
mmdfixsigma_output_target, mmd_output_target, mmd_output_target_hadflav0, mmd_output_target_hadflav4, mmd_output_target_hadflav5, mmd_output_target_hadflavSum, mse_output_target, mse_input_output, huber_output_target, huber_input_output, deepjetsum_mean, deepjetsum_std
1.5111150741577148, 2.616967558860779, 3.8162143230438232, 2.854875683784485, 2.3173807859420776, 3.2226078510284424, 167.80384063720703, 165.39707946777344, 0.7961970865726471, 0.7461382448673248, 2807938.625, 2821843.625


training loop
batch 0
train loss 7933049962496.00000
batch 1
train loss nan
[1 / 2] train loss: nan

validation loop
batch 0
validation loss nan
batch 1
validation loss nan
[1 / 2] validation loss: nan

# epoch 2

training loop
batch 0
train loss nan
batch 1
train loss nan
[2 / 2] train loss: nan

validation loop
batch 0
validation loss nan
batch 1
validation loss nan
[2 / 2] validation loss: nan

end points train
mmdfixsigma_output_target, mmd_output_target, mmd_output_target_hadflav0, mmd_output_target_hadflav4, mmd_output_target_hadflav5, mmd_output_target_hadflavSum, mse_output_target, mse_input_output, huber_output_target, huber_input_output, deepjetsum_mean, deepjetsum_std
nan, nan, nan, nan, nan, nan, nan, nan, nan, nan, nan, nan

end points validation
mmdfixsigma_output_target, mmd_output_target, mmd_output_target_hadflav0, mmd_output_target_hadflav4, mmd_output_target_hadflav5, mmd_output_target_hadflavSum, mse_output_target, mse_input_output, huber_output_target, huber_input_output, deepjetsum_mean, deepjetsum_std
nan, nan, nan, nan, nan, nan, nan, nan, nan, nan, nan, nan

just created /eos/user/d/dboncukc/fastsim/test_log800_logit_recJetpt/20240309.pt
just created /eos/user/d/dboncukc/fastsim/test_log800_logit_recJetpt/20240309.root
just created /eos/user/d/dboncukc/fastsim/test_log800_logit_recJetpt/20240309_train.csv
just created /eos/user/d/dboncukc/fastsim/test_log800_logit_recJetpt/20240309_validation.csv


..::The Story has been ended::..

