test_log800_logit_recJetpt
selected device is cuda
Output Path:  /eos/user/d/dboncukc/fastsim/test_log800_logit_recJetpt/20240309.root

### get training data

### build model
Sequential(
  (LogTransform): LogTransform()
  (Tanh200Transform): TanhTransform()
  (LogitTransform): LogitTransform()
  (OneHotEncode_RecJet_hadronFlavour_FastSim): OneHotEncode()
  (LinearWithSkipConnection_0): LinearWithSkipConnection(
    (_linears): ModuleList(
      (0): Linear(in_features=10, out_features=1024, bias=True)
      (1): Linear(in_features=1024, out_features=1024, bias=True)
    )
    (_leakyrelus): ModuleList(
      (0): LeakyReLU(negative_slope=0.01)
      (1): LeakyReLU(negative_slope=0.01)
    )
    (_dropouts): ModuleList(
      (0): Dropout(p=0.2, inplace=False)
      (1): Dropout(p=0.2, inplace=False)
    )
  )
  (LinearWithSkipConnection_1): LinearWithSkipConnection(
    (_linears): ModuleList(
      (0): Linear(in_features=1024, out_features=1024, bias=True)
      (1): Linear(in_features=1024, out_features=1024, bias=True)
    )
    (_leakyrelus): ModuleList(
      (0): LeakyReLU(negative_slope=0.01)
      (1): LeakyReLU(negative_slope=0.01)
    )
    (_dropouts): ModuleList(
      (0): Dropout(p=0.2, inplace=False)
      (1): Dropout(p=0.2, inplace=False)
    )
  )
  (LinearWithSkipConnection_2): LinearWithSkipConnection(
    (_linears): ModuleList(
      (0): Linear(in_features=1024, out_features=1024, bias=True)
      (1): Linear(in_features=1024, out_features=1024, bias=True)
    )
    (_leakyrelus): ModuleList(
      (0): LeakyReLU(negative_slope=0.01)
      (1): LeakyReLU(negative_slope=0.01)
    )
    (_dropouts): ModuleList(
      (0): Dropout(p=0.2, inplace=False)
      (1): Dropout(p=0.2, inplace=False)
    )
  )
  (LinearWithSkipConnection_3): LinearWithSkipConnection(
    (_linears): ModuleList(
      (0): Linear(in_features=1024, out_features=1024, bias=True)
      (1): Linear(in_features=1024, out_features=1024, bias=True)
    )
    (_leakyrelus): ModuleList(
      (0): LeakyReLU(negative_slope=0.01)
      (1): LeakyReLU(negative_slope=0.01)
    )
    (_dropouts): ModuleList(
      (0): Dropout(p=0.2, inplace=False)
      (1): Dropout(p=0.2, inplace=False)
    )
  )
  (LinearWithSkipConnection_last): LinearWithSkipConnection(
    (_linears): ModuleList(
      (0): Linear(in_features=1024, out_features=1024, bias=True)
      (1): Linear(in_features=1024, out_features=5, bias=True)
    )
    (_leakyrelus): ModuleList(
      (0): LeakyReLU(negative_slope=0.01)
      (1): LeakyReLU(negative_slope=0.01)
    )
    (_dropouts): ModuleList(
      (0): Dropout(p=0.2, inplace=False)
      (1): Dropout(p=0.2, inplace=False)
    )
  )
  (LogitTransformBack): LogitTransformBack()
  (LogTransformBack): LogTransformBack()
  (CastTo16Bit): CastTo16Bit()
)
8413189 trainable parameters

### start training

# epoch 1

evaluate benchmarks and starting points

benchmarks
mmdfixsigma_output_target, mmd_output_target, mmd_output_target_hadflav0, mmd_output_target_hadflav4, mmd_output_target_hadflav5, mmd_output_target_hadflavSum, mse_output_target, mse_input_output, huber_output_target, huber_input_output, deepjetsum_mean, deepjetsum_std
0.005841836798936129, 0.004212387837469578, 0.006992789451032877, 0.018308445811271667, 0.010631210636347532, 0.0093416185118258, 1.188214361667633, 0.0, 0.05783352255821228, 0.0, 1.000019371509552, 0.0011179085122421384

start points
mmdfixsigma_output_target, mmd_output_target, mmd_output_target_hadflav0, mmd_output_target_hadflav4, mmd_output_target_hadflav5, mmd_output_target_hadflavSum, mse_output_target, mse_input_output, huber_output_target, huber_input_output, deepjetsum_mean, deepjetsum_std
1.4824717044830322, 2.5749351978302, 3.8467531204223633, 2.8007999658584595, 2.3536962270736694, 3.2465076446533203, 166.89291381835938, 164.56723022460938, 0.7920724153518677, 0.7421188652515411, 2666314.125, 2787509.5


training loop
batch 0
train loss 7432410497024.00000
batch 1
train loss nan
[1 / 2] train loss: nan

validation loop
batch 0
validation loss nan
batch 1
validation loss nan
[1 / 2] validation loss: nan

# epoch 2

training loop
batch 0
train loss nan
batch 1
train loss nan
[2 / 2] train loss: nan

validation loop
batch 0
validation loss nan
batch 1
validation loss nan
[2 / 2] validation loss: nan

end points train
mmdfixsigma_output_target, mmd_output_target, mmd_output_target_hadflav0, mmd_output_target_hadflav4, mmd_output_target_hadflav5, mmd_output_target_hadflavSum, mse_output_target, mse_input_output, huber_output_target, huber_input_output, deepjetsum_mean, deepjetsum_std
nan, nan, nan, nan, nan, nan, nan, nan, nan, nan, nan, nan

end points validation
mmdfixsigma_output_target, mmd_output_target, mmd_output_target_hadflav0, mmd_output_target_hadflav4, mmd_output_target_hadflav5, mmd_output_target_hadflavSum, mse_output_target, mse_input_output, huber_output_target, huber_input_output, deepjetsum_mean, deepjetsum_std
nan, nan, nan, nan, nan, nan, nan, nan, nan, nan, nan, nan

just created /eos/user/d/dboncukc/fastsim/test_log800_logit_recJetpt/20240309.pt
just created /eos/user/d/dboncukc/fastsim/test_log800_logit_recJetpt/20240309.root
just created /eos/user/d/dboncukc/fastsim/test_log800_logit_recJetpt/20240309_train.csv
just created /eos/user/d/dboncukc/fastsim/test_log800_logit_recJetpt/20240309_validation.csv


..::The Story has been ended::..

