test_log800_tanh5_logit_recJetpt
selected device is cuda
Output Path:  /eos/user/d/dboncukc/fastsim/test_log800_tanh5_logit_recJetpt/20240309.root

### get training data

### build model
Sequential(
  (LogTransform): LogTransform()
  (Tanh200Transform): TanhTransform()
  (LogitTransform): LogitTransform()
  (OneHotEncode_RecJet_hadronFlavour_FastSim): OneHotEncode()
  (LinearWithSkipConnection_0): LinearWithSkipConnection(
    (_linears): ModuleList(
      (0): Linear(in_features=10, out_features=1024, bias=True)
      (1): Linear(in_features=1024, out_features=1024, bias=True)
    )
    (_leakyrelus): ModuleList(
      (0): LeakyReLU(negative_slope=0.01)
      (1): LeakyReLU(negative_slope=0.01)
    )
    (_dropouts): ModuleList(
      (0): Dropout(p=0.2, inplace=False)
      (1): Dropout(p=0.2, inplace=False)
    )
  )
  (LinearWithSkipConnection_1): LinearWithSkipConnection(
    (_linears): ModuleList(
      (0): Linear(in_features=1024, out_features=1024, bias=True)
      (1): Linear(in_features=1024, out_features=1024, bias=True)
    )
    (_leakyrelus): ModuleList(
      (0): LeakyReLU(negative_slope=0.01)
      (1): LeakyReLU(negative_slope=0.01)
    )
    (_dropouts): ModuleList(
      (0): Dropout(p=0.2, inplace=False)
      (1): Dropout(p=0.2, inplace=False)
    )
  )
  (LinearWithSkipConnection_2): LinearWithSkipConnection(
    (_linears): ModuleList(
      (0): Linear(in_features=1024, out_features=1024, bias=True)
      (1): Linear(in_features=1024, out_features=1024, bias=True)
    )
    (_leakyrelus): ModuleList(
      (0): LeakyReLU(negative_slope=0.01)
      (1): LeakyReLU(negative_slope=0.01)
    )
    (_dropouts): ModuleList(
      (0): Dropout(p=0.2, inplace=False)
      (1): Dropout(p=0.2, inplace=False)
    )
  )
  (LinearWithSkipConnection_3): LinearWithSkipConnection(
    (_linears): ModuleList(
      (0): Linear(in_features=1024, out_features=1024, bias=True)
      (1): Linear(in_features=1024, out_features=1024, bias=True)
    )
    (_leakyrelus): ModuleList(
      (0): LeakyReLU(negative_slope=0.01)
      (1): LeakyReLU(negative_slope=0.01)
    )
    (_dropouts): ModuleList(
      (0): Dropout(p=0.2, inplace=False)
      (1): Dropout(p=0.2, inplace=False)
    )
  )
  (LinearWithSkipConnection_last): LinearWithSkipConnection(
    (_linears): ModuleList(
      (0): Linear(in_features=1024, out_features=1024, bias=True)
      (1): Linear(in_features=1024, out_features=5, bias=True)
    )
    (_leakyrelus): ModuleList(
      (0): LeakyReLU(negative_slope=0.01)
      (1): LeakyReLU(negative_slope=0.01)
    )
    (_dropouts): ModuleList(
      (0): Dropout(p=0.2, inplace=False)
      (1): Dropout(p=0.2, inplace=False)
    )
  )
  (LogitTransformBack): LogitTransformBack()
  (LogTransformBack): LogTransformBack()
  (CastTo16Bit): CastTo16Bit()
)
8413189 trainable parameters

### start training

# epoch 1

evaluate benchmarks and starting points

benchmarks
mmdfixsigma_output_target, mmd_output_target, mmd_output_target_hadflav0, mmd_output_target_hadflav4, mmd_output_target_hadflav5, mmd_output_target_hadflavSum, mse_output_target, mse_input_output, huber_output_target, huber_input_output, deepjetsum_mean, deepjetsum_std
0.006569493096321821, 0.004894049372524023, 0.008105389075353742, 0.021919559687376022, 0.011399764567613602, 0.010592800099402666, 1.2334696054458618, 0.0, 0.05943293683230877, 0.0, 1.0000128149986267, 0.0011240423773415387

start points
mmdfixsigma_output_target, mmd_output_target, mmd_output_target_hadflav0, mmd_output_target_hadflav4, mmd_output_target_hadflav5, mmd_output_target_hadflavSum, mse_output_target, mse_input_output, huber_output_target, huber_input_output, deepjetsum_mean, deepjetsum_std
1.5234386920928955, 2.6624951362609863, 3.961127758026123, 3.022004246711731, 2.203495144844055, 3.2840477228164673, 170.1948699951172, 167.89200592041016, 0.8026168942451477, 0.7517571449279785, 4024530.25, 3723284.625


training loop
batch 0
train loss 15358819827712.00000
batch 1
train loss nan
[1 / 2] train loss: nan

validation loop
batch 0
validation loss nan
batch 1
validation loss nan
[1 / 2] validation loss: nan

# epoch 2

training loop
batch 0
train loss nan
batch 1
train loss nan
[2 / 2] train loss: nan

validation loop
batch 0
validation loss nan
batch 1
validation loss nan
[2 / 2] validation loss: nan

end points train
mmdfixsigma_output_target, mmd_output_target, mmd_output_target_hadflav0, mmd_output_target_hadflav4, mmd_output_target_hadflav5, mmd_output_target_hadflavSum, mse_output_target, mse_input_output, huber_output_target, huber_input_output, deepjetsum_mean, deepjetsum_std
nan, nan, nan, nan, nan, nan, nan, nan, nan, nan, nan, nan

end points validation
mmdfixsigma_output_target, mmd_output_target, mmd_output_target_hadflav0, mmd_output_target_hadflav4, mmd_output_target_hadflav5, mmd_output_target_hadflavSum, mse_output_target, mse_input_output, huber_output_target, huber_input_output, deepjetsum_mean, deepjetsum_std
nan, nan, nan, nan, nan, nan, nan, nan, nan, nan, nan, nan

just created /eos/user/d/dboncukc/fastsim/test_log800_tanh5_logit_recJetpt/20240309.pt
just created /eos/user/d/dboncukc/fastsim/test_log800_tanh5_logit_recJetpt/20240309.root
just created /eos/user/d/dboncukc/fastsim/test_log800_tanh5_logit_recJetpt/20240309_train.csv
just created /eos/user/d/dboncukc/fastsim/test_log800_tanh5_logit_recJetpt/20240309_validation.csv


..::The Story has been ended::..

