test_log1_recJetpt
selected device is cuda
Output Path:  /eos/user/d/dboncukc/fastsim/test_log1_recJetpt/20240310.root

### get training data

### build model
Sequential(
  (LogTransform): LogTransform()
  (Tanh200Transform): TanhTransform()
  (LogitTransform): LogitTransform()
  (OneHotEncode_RecJet_hadronFlavour_FastSim): OneHotEncode()
  (LinearWithSkipConnection_0): LinearWithSkipConnection(
    (_linears): ModuleList(
      (0): Linear(in_features=10, out_features=1024, bias=True)
      (1): Linear(in_features=1024, out_features=1024, bias=True)
    )
    (_leakyrelus): ModuleList(
      (0): LeakyReLU(negative_slope=0.01)
      (1): LeakyReLU(negative_slope=0.01)
    )
    (_dropouts): ModuleList(
      (0): Dropout(p=0.2, inplace=False)
      (1): Dropout(p=0.2, inplace=False)
    )
  )
  (LinearWithSkipConnection_1): LinearWithSkipConnection(
    (_linears): ModuleList(
      (0): Linear(in_features=1024, out_features=1024, bias=True)
      (1): Linear(in_features=1024, out_features=1024, bias=True)
    )
    (_leakyrelus): ModuleList(
      (0): LeakyReLU(negative_slope=0.01)
      (1): LeakyReLU(negative_slope=0.01)
    )
    (_dropouts): ModuleList(
      (0): Dropout(p=0.2, inplace=False)
      (1): Dropout(p=0.2, inplace=False)
    )
  )
  (LinearWithSkipConnection_2): LinearWithSkipConnection(
    (_linears): ModuleList(
      (0): Linear(in_features=1024, out_features=1024, bias=True)
      (1): Linear(in_features=1024, out_features=1024, bias=True)
    )
    (_leakyrelus): ModuleList(
      (0): LeakyReLU(negative_slope=0.01)
      (1): LeakyReLU(negative_slope=0.01)
    )
    (_dropouts): ModuleList(
      (0): Dropout(p=0.2, inplace=False)
      (1): Dropout(p=0.2, inplace=False)
    )
  )
  (LinearWithSkipConnection_3): LinearWithSkipConnection(
    (_linears): ModuleList(
      (0): Linear(in_features=1024, out_features=1024, bias=True)
      (1): Linear(in_features=1024, out_features=1024, bias=True)
    )
    (_leakyrelus): ModuleList(
      (0): LeakyReLU(negative_slope=0.01)
      (1): LeakyReLU(negative_slope=0.01)
    )
    (_dropouts): ModuleList(
      (0): Dropout(p=0.2, inplace=False)
      (1): Dropout(p=0.2, inplace=False)
    )
  )
  (LinearWithSkipConnection_last): LinearWithSkipConnection(
    (_linears): ModuleList(
      (0): Linear(in_features=1024, out_features=1024, bias=True)
      (1): Linear(in_features=1024, out_features=5, bias=True)
    )
    (_leakyrelus): ModuleList(
      (0): LeakyReLU(negative_slope=0.01)
      (1): LeakyReLU(negative_slope=0.01)
    )
    (_dropouts): ModuleList(
      (0): Dropout(p=0.2, inplace=False)
      (1): Dropout(p=0.2, inplace=False)
    )
  )
  (LogitTransformBack): LogitTransformBack()
  (LogTransformBack): LogTransformBack()
  (CastTo16Bit): CastTo16Bit()
)
8413189 trainable parameters

### start training

# epoch 1

evaluate benchmarks and starting points

benchmarks
mmdfixsigma_output_target, mmd_output_target, mmd_output_target_hadflav0, mmd_output_target_hadflav4, mmd_output_target_hadflav5, mmd_output_target_hadflavSum, mse_output_target, mse_input_output, huber_output_target, huber_input_output, deepjetsum_mean, deepjetsum_std
0.0063837249763309956, 0.004759399686008692, 0.008579692337661982, 0.021471439860761166, 0.01018861960619688, 0.010415620170533657, 1.2201017141342163, 0.0, 0.0588691420853138, 0.0, 0.9999827444553375, 0.0011627136846072972

start points
mmdfixsigma_output_target, mmd_output_target, mmd_output_target_hadflav0, mmd_output_target_hadflav4, mmd_output_target_hadflav5, mmd_output_target_hadflavSum, mse_output_target, mse_input_output, huber_output_target, huber_input_output, deepjetsum_mean, deepjetsum_std
nan, nan, nan, nan, nan, nan, inf, inf, inf, inf, 1.001447319984436, 0.001468165311962366


training loop
batch 0
train loss nan
batch 1
train loss nan
[1 / 2] train loss: nan

validation loop
batch 0
validation loss nan
batch 1
validation loss nan
[1 / 2] validation loss: nan

# epoch 2

training loop
batch 0
train loss nan
batch 1
train loss nan
[2 / 2] train loss: nan

validation loop
batch 0
validation loss nan
batch 1
validation loss nan
[2 / 2] validation loss: nan

end points train
mmdfixsigma_output_target, mmd_output_target, mmd_output_target_hadflav0, mmd_output_target_hadflav4, mmd_output_target_hadflav5, mmd_output_target_hadflavSum, mse_output_target, mse_input_output, huber_output_target, huber_input_output, deepjetsum_mean, deepjetsum_std
nan, nan, nan, nan, nan, nan, nan, nan, nan, nan, nan, nan

end points validation
mmdfixsigma_output_target, mmd_output_target, mmd_output_target_hadflav0, mmd_output_target_hadflav4, mmd_output_target_hadflav5, mmd_output_target_hadflavSum, mse_output_target, mse_input_output, huber_output_target, huber_input_output, deepjetsum_mean, deepjetsum_std
nan, nan, nan, nan, nan, nan, nan, nan, nan, nan, nan, nan

just created /eos/user/d/dboncukc/fastsim/test_log1_recJetpt/20240310.pt
just created /eos/user/d/dboncukc/fastsim/test_log1_recJetpt/20240310.root
just created /eos/user/d/dboncukc/fastsim/test_log1_recJetpt/20240310_train.csv
just created /eos/user/d/dboncukc/fastsim/test_log1_recJetpt/20240310_validation.csv


..::The Story has been ended::..

