test_log100_tanh100_recJetpt
selected device is cuda
Output Path:  /eos/user/d/dboncukc/fastsim/test_log100_tanh100_recJetpt/20240311.root

### get training data

### build model
Sequential(
  (LogTransform): LogTransform()
  (Tanh200Transform): TanhTransform()
  (LogitTransform): LogitTransform()
  (OneHotEncode_RecJet_hadronFlavour_FastSim): OneHotEncode()
  (LinearWithSkipConnection_0): LinearWithSkipConnection(
    (_linears): ModuleList(
      (0): Linear(in_features=10, out_features=1024, bias=True)
      (1): Linear(in_features=1024, out_features=1024, bias=True)
    )
    (_leakyrelus): ModuleList(
      (0): LeakyReLU(negative_slope=0.01)
      (1): LeakyReLU(negative_slope=0.01)
    )
    (_dropouts): ModuleList(
      (0): Dropout(p=0.2, inplace=False)
      (1): Dropout(p=0.2, inplace=False)
    )
  )
  (LinearWithSkipConnection_1): LinearWithSkipConnection(
    (_linears): ModuleList(
      (0): Linear(in_features=1024, out_features=1024, bias=True)
      (1): Linear(in_features=1024, out_features=1024, bias=True)
    )
    (_leakyrelus): ModuleList(
      (0): LeakyReLU(negative_slope=0.01)
      (1): LeakyReLU(negative_slope=0.01)
    )
    (_dropouts): ModuleList(
      (0): Dropout(p=0.2, inplace=False)
      (1): Dropout(p=0.2, inplace=False)
    )
  )
  (LinearWithSkipConnection_2): LinearWithSkipConnection(
    (_linears): ModuleList(
      (0): Linear(in_features=1024, out_features=1024, bias=True)
      (1): Linear(in_features=1024, out_features=1024, bias=True)
    )
    (_leakyrelus): ModuleList(
      (0): LeakyReLU(negative_slope=0.01)
      (1): LeakyReLU(negative_slope=0.01)
    )
    (_dropouts): ModuleList(
      (0): Dropout(p=0.2, inplace=False)
      (1): Dropout(p=0.2, inplace=False)
    )
  )
  (LinearWithSkipConnection_3): LinearWithSkipConnection(
    (_linears): ModuleList(
      (0): Linear(in_features=1024, out_features=1024, bias=True)
      (1): Linear(in_features=1024, out_features=1024, bias=True)
    )
    (_leakyrelus): ModuleList(
      (0): LeakyReLU(negative_slope=0.01)
      (1): LeakyReLU(negative_slope=0.01)
    )
    (_dropouts): ModuleList(
      (0): Dropout(p=0.2, inplace=False)
      (1): Dropout(p=0.2, inplace=False)
    )
  )
  (LinearWithSkipConnection_last): LinearWithSkipConnection(
    (_linears): ModuleList(
      (0): Linear(in_features=1024, out_features=1024, bias=True)
      (1): Linear(in_features=1024, out_features=5, bias=True)
    )
    (_leakyrelus): ModuleList(
      (0): LeakyReLU(negative_slope=0.01)
      (1): LeakyReLU(negative_slope=0.01)
    )
    (_dropouts): ModuleList(
      (0): Dropout(p=0.2, inplace=False)
      (1): Dropout(p=0.2, inplace=False)
    )
  )
  (LogitTransformBack): LogitTransformBack()
  (Tanh200TransformBack): TanhTransformBack()
  (LogTransformBack): LogTransformBack()
  (CastTo16Bit): CastTo16Bit()
)
8413189 trainable parameters

### start training

# epoch 1

evaluate benchmarks and starting points

benchmarks
mmdfixsigma_output_target, mmd_output_target, mmd_output_target_hadflav0, mmd_output_target_hadflav4, mmd_output_target_hadflav5, mmd_output_target_hadflavSum, mse_output_target, mse_input_output, huber_output_target, huber_input_output, deepjetsum_mean, deepjetsum_std
0.0057172158267349005, 0.0040657902136445045, 0.006689460715278983, 0.017904819920659065, 0.009200162254273891, 0.008654632605612278, 1.245912492275238, 0.0, 0.059684569016098976, 0.0, 1.0000284910202026, 0.0011737585882656276

start points
mmdfixsigma_output_target, mmd_output_target, mmd_output_target_hadflav0, mmd_output_target_hadflav4, mmd_output_target_hadflav5, mmd_output_target_hadflavSum, mse_output_target, mse_input_output, huber_output_target, huber_input_output, deepjetsum_mean, deepjetsum_std
0.005858655786141753, 0.0042070255149155855, 0.006952422205358744, 0.01814108993858099, 0.009306726045906544, 0.008863094262778759, 1.2464884519577026, 0.0007056031317915767, 0.06004233658313751, 0.0003528014640323818, 1.002835214138031, 0.002629743656143546


training loop
batch 0
train loss 0.00852
batch 1
train loss 0.00920
[1 / 2] train loss: 0.0088616381

validation loop
batch 0
validation loss 0.00826
batch 1
validation loss 0.00718
[1 / 2] validation loss: 0.0088616381

# epoch 2

training loop
batch 0
train loss 0.00850
batch 1
train loss 0.00918
[2 / 2] train loss: 0.0088386866

validation loop
batch 0
validation loss 0.00824
batch 1
validation loss 0.00717
[2 / 2] validation loss: 0.0088386866

end points train
mmdfixsigma_output_target, mmd_output_target, mmd_output_target_hadflav0, mmd_output_target_hadflav4, mmd_output_target_hadflav5, mmd_output_target_hadflavSum, mse_output_target, mse_input_output, huber_output_target, huber_input_output, deepjetsum_mean, deepjetsum_std
0.005839122924953699, 0.004187079844996333, 0.006909971125423908, 0.018127051182091236, 0.009296928998082876, 0.00883433036506176, 1.2463011741638184, 0.0006888952048029751, 0.06002756021916866, 0.00034444744233042, 1.002456545829773, 0.0025677175726741552

end points validation
mmdfixsigma_output_target, mmd_output_target, mmd_output_target_hadflav0, mmd_output_target_hadflav4, mmd_output_target_hadflav5, mmd_output_target_hadflavSum, mse_output_target, mse_input_output, huber_output_target, huber_input_output, deepjetsum_mean, deepjetsum_std
0.004968739813193679, 0.003270511981099844, 0.005052160704508424, 0.01826235745102167, 0.009008192922919989, 0.007697677705436945, 1.1372376680374146, 0.0006847913027741015, 0.057250114157795906, 0.00034239549131598324, 1.0023428201675415, 0.002063053543679416

just created /eos/user/d/dboncukc/fastsim/test_log100_tanh100_recJetpt/20240311.pt
just created /eos/user/d/dboncukc/fastsim/test_log100_tanh100_recJetpt/20240311.root
just created /eos/user/d/dboncukc/fastsim/test_log100_tanh100_recJetpt/20240311_train.csv
just created /eos/user/d/dboncukc/fastsim/test_log100_tanh100_recJetpt/20240311_validation.csv


..::The Story has been ended::..

