epoch2_log_tanh100_recJetpt
selected device is cuda
Output Path:  /eos/user/d/dboncukc/fastsim/epoch2_log_tanh100_recJetpt/20240311.root

### get training data

### build model
Sequential(
  (LogTransform): LogTransform()
  (Tanh200Transform): TanhTransform()
  (LogitTransform): LogitTransform()
  (OneHotEncode_RecJet_hadronFlavour_FastSim): OneHotEncode()
  (LinearWithSkipConnection_0): LinearWithSkipConnection(
    (_linears): ModuleList(
      (0): Linear(in_features=10, out_features=1024, bias=True)
      (1): Linear(in_features=1024, out_features=1024, bias=True)
    )
    (_leakyrelus): ModuleList(
      (0): LeakyReLU(negative_slope=0.01)
      (1): LeakyReLU(negative_slope=0.01)
    )
    (_dropouts): ModuleList(
      (0): Dropout(p=0.2, inplace=False)
      (1): Dropout(p=0.2, inplace=False)
    )
  )
  (LinearWithSkipConnection_1): LinearWithSkipConnection(
    (_linears): ModuleList(
      (0): Linear(in_features=1024, out_features=1024, bias=True)
      (1): Linear(in_features=1024, out_features=1024, bias=True)
    )
    (_leakyrelus): ModuleList(
      (0): LeakyReLU(negative_slope=0.01)
      (1): LeakyReLU(negative_slope=0.01)
    )
    (_dropouts): ModuleList(
      (0): Dropout(p=0.2, inplace=False)
      (1): Dropout(p=0.2, inplace=False)
    )
  )
  (LinearWithSkipConnection_2): LinearWithSkipConnection(
    (_linears): ModuleList(
      (0): Linear(in_features=1024, out_features=1024, bias=True)
      (1): Linear(in_features=1024, out_features=1024, bias=True)
    )
    (_leakyrelus): ModuleList(
      (0): LeakyReLU(negative_slope=0.01)
      (1): LeakyReLU(negative_slope=0.01)
    )
    (_dropouts): ModuleList(
      (0): Dropout(p=0.2, inplace=False)
      (1): Dropout(p=0.2, inplace=False)
    )
  )
  (LinearWithSkipConnection_3): LinearWithSkipConnection(
    (_linears): ModuleList(
      (0): Linear(in_features=1024, out_features=1024, bias=True)
      (1): Linear(in_features=1024, out_features=1024, bias=True)
    )
    (_leakyrelus): ModuleList(
      (0): LeakyReLU(negative_slope=0.01)
      (1): LeakyReLU(negative_slope=0.01)
    )
    (_dropouts): ModuleList(
      (0): Dropout(p=0.2, inplace=False)
      (1): Dropout(p=0.2, inplace=False)
    )
  )
  (LinearWithSkipConnection_last): LinearWithSkipConnection(
    (_linears): ModuleList(
      (0): Linear(in_features=1024, out_features=1024, bias=True)
      (1): Linear(in_features=1024, out_features=5, bias=True)
    )
    (_leakyrelus): ModuleList(
      (0): LeakyReLU(negative_slope=0.01)
      (1): LeakyReLU(negative_slope=0.01)
    )
    (_dropouts): ModuleList(
      (0): Dropout(p=0.2, inplace=False)
      (1): Dropout(p=0.2, inplace=False)
    )
  )
  (LogitTransformBack): LogitTransformBack()
  (Tanh200TransformBack): TanhTransformBack()
  (LogTransformBack): LogTransformBack()
  (CastTo16Bit): CastTo16Bit()
)
8413189 trainable parameters

### start training

# epoch 1

evaluate benchmarks and starting points

benchmarks
mmdfixsigma_output_target, mmd_output_target, mmd_output_target_hadflav0, mmd_output_target_hadflav4, mmd_output_target_hadflav5, mmd_output_target_hadflavSum, mse_output_target, mse_input_output, huber_output_target, huber_input_output, deepjetsum_mean, deepjetsum_std
0.005226984620094299, 0.0035625824239104986, 0.006744968006387353, 0.015584784094244242, 0.007894520182162523, 0.008019196800887585, 1.1843169331550598, 0.0, 0.05821491964161396, 0.0, 1.0000028312206268, 0.0011385830002836883

start points
mmdfixsigma_output_target, mmd_output_target, mmd_output_target_hadflav0, mmd_output_target_hadflav4, mmd_output_target_hadflav5, mmd_output_target_hadflavSum, mse_output_target, mse_input_output, huber_output_target, huber_input_output, deepjetsum_mean, deepjetsum_std
0.00518984766677022, 0.0035233463859185576, 0.006668931106105447, 0.015551747754216194, 0.007874405477195978, 0.007966028992086649, 1.183863878250122, 6.2014466948312474e-06, 0.0581987239420414, 3.1007233474156237e-06, 1.0039803385734558, 0.0028637293726205826


training loop
batch 0
train loss 0.00745
batch 1
train loss 0.00849
[1 / 2] train loss: 0.0079713499

validation loop
batch 0
validation loss 0.00668
batch 1
validation loss 0.00767
[1 / 2] validation loss: 0.0079713499

# epoch 2

training loop
batch 0
train loss 0.00743
batch 1
train loss 0.00847
[2 / 2] train loss: 0.0079512564

validation loop
batch 0
validation loss 0.00667
batch 1
validation loss 0.00765
[2 / 2] validation loss: 0.0079512564

end points train
mmdfixsigma_output_target, mmd_output_target, mmd_output_target_hadflav0, mmd_output_target_hadflav4, mmd_output_target_hadflav5, mmd_output_target_hadflavSum, mse_output_target, mse_input_output, huber_output_target, huber_input_output, deepjetsum_mean, deepjetsum_std
0.005174711346626282, 0.0035077292704954743, 0.00663446169346571, 0.01553881261497736, 0.007870669476687908, 0.007943915668874979, 1.1837059259414673, 7.119624342522002e-06, 0.058192938566207886, 3.559812171261001e-06, 1.003455102443695, 0.0025774065870791674

end points validation
mmdfixsigma_output_target, mmd_output_target, mmd_output_target_hadflav0, mmd_output_target_hadflav4, mmd_output_target_hadflav5, mmd_output_target_hadflavSum, mse_output_target, mse_input_output, huber_output_target, huber_input_output, deepjetsum_mean, deepjetsum_std
0.004544111434370279, 0.0028581564547494054, 0.004271053243428469, 0.017137262038886547, 0.00904763163998723, 0.007153581129387021, 1.1615239977836609, 7.2759189606586006e-06, 0.05782187730073929, 3.6379594803293003e-06, 1.003123164176941, 0.0020387404365465045

just created /eos/user/d/dboncukc/fastsim/epoch2_log_tanh100_recJetpt/20240311.pt
just created /eos/user/d/dboncukc/fastsim/epoch2_log_tanh100_recJetpt/20240311.root
just created /eos/user/d/dboncukc/fastsim/epoch2_log_tanh100_recJetpt/20240311_train.csv
just created /eos/user/d/dboncukc/fastsim/epoch2_log_tanh100_recJetpt/20240311_validation.csv


..::The Story has been ended::..

