test2_log1_tanh_recJetpt
selected device is cuda
Output Path:  /eos/user/d/dboncukc/fastsim/test2_log1_tanh_recJetpt/20240312.root

### get training data

### build model
Sequential(
  (LogTransform): LogTransform()
  (Tanh200Transform): TanhTransform()
  (LogitTransform): LogitTransform()
  (OneHotEncode_RecJet_hadronFlavour_FastSim): OneHotEncode()
  (LinearWithSkipConnection_0): LinearWithSkipConnection(
    (_linears): ModuleList(
      (0): Linear(in_features=10, out_features=1024, bias=True)
      (1): Linear(in_features=1024, out_features=1024, bias=True)
    )
    (_leakyrelus): ModuleList(
      (0): LeakyReLU(negative_slope=0.01)
      (1): LeakyReLU(negative_slope=0.01)
    )
    (_dropouts): ModuleList(
      (0): Dropout(p=0.2, inplace=False)
      (1): Dropout(p=0.2, inplace=False)
    )
  )
  (LinearWithSkipConnection_1): LinearWithSkipConnection(
    (_linears): ModuleList(
      (0): Linear(in_features=1024, out_features=1024, bias=True)
      (1): Linear(in_features=1024, out_features=1024, bias=True)
    )
    (_leakyrelus): ModuleList(
      (0): LeakyReLU(negative_slope=0.01)
      (1): LeakyReLU(negative_slope=0.01)
    )
    (_dropouts): ModuleList(
      (0): Dropout(p=0.2, inplace=False)
      (1): Dropout(p=0.2, inplace=False)
    )
  )
  (LinearWithSkipConnection_2): LinearWithSkipConnection(
    (_linears): ModuleList(
      (0): Linear(in_features=1024, out_features=1024, bias=True)
      (1): Linear(in_features=1024, out_features=1024, bias=True)
    )
    (_leakyrelus): ModuleList(
      (0): LeakyReLU(negative_slope=0.01)
      (1): LeakyReLU(negative_slope=0.01)
    )
    (_dropouts): ModuleList(
      (0): Dropout(p=0.2, inplace=False)
      (1): Dropout(p=0.2, inplace=False)
    )
  )
  (LinearWithSkipConnection_3): LinearWithSkipConnection(
    (_linears): ModuleList(
      (0): Linear(in_features=1024, out_features=1024, bias=True)
      (1): Linear(in_features=1024, out_features=1024, bias=True)
    )
    (_leakyrelus): ModuleList(
      (0): LeakyReLU(negative_slope=0.01)
      (1): LeakyReLU(negative_slope=0.01)
    )
    (_dropouts): ModuleList(
      (0): Dropout(p=0.2, inplace=False)
      (1): Dropout(p=0.2, inplace=False)
    )
  )
  (LinearWithSkipConnection_last): LinearWithSkipConnection(
    (_linears): ModuleList(
      (0): Linear(in_features=1024, out_features=1024, bias=True)
      (1): Linear(in_features=1024, out_features=5, bias=True)
    )
    (_leakyrelus): ModuleList(
      (0): LeakyReLU(negative_slope=0.01)
      (1): LeakyReLU(negative_slope=0.01)
    )
    (_dropouts): ModuleList(
      (0): Dropout(p=0.2, inplace=False)
      (1): Dropout(p=0.2, inplace=False)
    )
  )
  (LogitTransformBack): LogitTransformBack()
  (LogTransformBack): LogTransformBack()
  (CastTo16Bit): CastTo16Bit()
)
8413189 trainable parameters

### start training

# epoch 1

evaluate benchmarks and starting points

benchmarks
mmdfixsigma_output_target, mmd_output_target, mmd_output_target_hadflav0, mmd_output_target_hadflav4, mmd_output_target_hadflav5, mmd_output_target_hadflavSum, mse_output_target, mse_input_output, huber_output_target, huber_input_output, deepjetsum_mean, deepjetsum_std
0.006454788381233811, 0.004809523466974497, 0.008252006256952882, 0.020947739481925964, 0.009830280672758818, 0.010057969018816948, 1.2248349785804749, 0.0, 0.0593721941113472, 0.0, 1.0000084042549133, 0.001135346945375204

start points
mmdfixsigma_output_target, mmd_output_target, mmd_output_target_hadflav0, mmd_output_target_hadflav4, mmd_output_target_hadflav5, mmd_output_target_hadflavSum, mse_output_target, mse_input_output, huber_output_target, huber_input_output, deepjetsum_mean, deepjetsum_std
0.006387840956449509, 0.004741597687825561, 0.008106038672849536, 0.020861969329416752, 0.009820776525884867, 0.00996328517794609, 1.2242764830589294, 6.0325544382067164e-06, 0.05934431590139866, 3.0162772191033582e-06, 1.0001181364059448, 0.0018550902022980154


training loop
batch 0
train loss 0.00917
batch 1
train loss 0.01074
[1 / 2] train loss: 0.0099549363

validation loop
batch 0
validation loss 0.00926
batch 1
validation loss 0.01050
[1 / 2] validation loss: 0.0099549363

# epoch 2

training loop
batch 0
train loss 0.00914
batch 1
train loss 0.01070
[2 / 2] train loss: 0.0099224732

validation loop
batch 0
validation loss 0.00924
batch 1
validation loss 0.01047
[2 / 2] validation loss: 0.0099224732

end points train
mmdfixsigma_output_target, mmd_output_target, mmd_output_target_hadflav0, mmd_output_target_hadflav4, mmd_output_target_hadflav5, mmd_output_target_hadflavSum, mse_output_target, mse_input_output, huber_output_target, huber_input_output, deepjetsum_mean, deepjetsum_std
0.006358902668580413, 0.004712193505838513, 0.008044805377721786, 0.02082381211221218, 0.009812620002776384, 0.009921964257955551, 1.224091649055481, 8.843640898703597e-06, 0.059338390827178955, 4.421820449351799e-06, 1.0003594160079956, 0.0018997827428393066

end points validation
mmdfixsigma_output_target, mmd_output_target, mmd_output_target_hadflav0, mmd_output_target_hadflav4, mmd_output_target_hadflav5, mmd_output_target_hadflavSum, mse_output_target, mse_input_output, huber_output_target, huber_input_output, deepjetsum_mean, deepjetsum_std
0.005990482633933425, 0.004369864705950022, 0.006987490924075246, 0.02127584908157587, 0.011277884244918823, 0.009852728340774775, 1.2014066576957703, 9.914657312037889e-06, 0.05945887416601181, 4.9573286560189445e-06, 1.0006428956985474, 0.0012671579606831074

just created /eos/user/d/dboncukc/fastsim/test2_log1_tanh_recJetpt/20240312.pt
just created /eos/user/d/dboncukc/fastsim/test2_log1_tanh_recJetpt/20240312.root
just created /eos/user/d/dboncukc/fastsim/test2_log1_tanh_recJetpt/20240312_train.csv
just created /eos/user/d/dboncukc/fastsim/test2_log1_tanh_recJetpt/20240312_validation.csv


..::The Story has been ended::..

