000 (11617180.000.000) 03/30 19:47:59 Job submitted from host: <137.138.120.116:9618?addrs=137.138.120.116-9618+[2001-1458-d00-16--17b]-9618&alias=bigbird12.cern.ch&noUDP&sock=schedd_2694918_2c3d>
...
040 (11617180.000.000) 03/30 19:50:38 Started transferring input files
	Transferring to host: <128.142.161.116:9618?addrs=128.142.161.116-9618+[2001-1458-301-b8--100-32]-9618&alias=b9g03p1541.cern.ch&noUDP&sock=slot1_7_2214471_e65c_2514>
...
040 (11617180.000.000) 03/30 19:50:39 Finished transferring input files
...
001 (11617180.000.000) 03/30 19:50:40 Job executing on host: <128.142.161.116:9618?addrs=128.142.161.116-9618+[2001-1458-301-b8--100-32]-9618&alias=b9g03p1541.cern.ch&noUDP&sock=startd_7776_4487>
...
006 (11617180.000.000) 03/30 19:50:50 Image size of job updated: 26296
	25  -  MemoryUsage of job (MB)
	25032  -  ResidentSetSize of job (KB)
...
006 (11617180.000.000) 03/30 19:55:51 Image size of job updated: 4047176
	1708  -  MemoryUsage of job (MB)
	1748824  -  ResidentSetSize of job (KB)
...
006 (11617180.000.000) 03/30 20:00:44 Image size of job updated: 6809708
	1708  -  MemoryUsage of job (MB)
	1748824  -  ResidentSetSize of job (KB)
...
040 (11617180.000.000) 03/30 20:00:44 Started transferring output files
...
040 (11617180.000.000) 03/30 20:00:45 Finished transferring output files
...
005 (11617180.000.000) 03/30 20:00:45 Job terminated.
	(1) Normal termination (return value 0)
		Usr 0 00:06:38, Sys 0 00:00:59  -  Run Remote Usage
		Usr 0 00:00:00, Sys 0 00:00:00  -  Run Local Usage
		Usr 0 00:06:38, Sys 0 00:00:59  -  Total Remote Usage
		Usr 0 00:00:00, Sys 0 00:00:00  -  Total Local Usage
	14401  -  Run Bytes Sent By Job
	128288  -  Run Bytes Received By Job
	14401  -  Total Bytes Sent By Job
	128288  -  Total Bytes Received By Job
	Partitionable Resources :    Usage  Request Allocated 
	   Cpus                 :     0.97        1         1 
	   Disk (KB)            :   200         150   3210193 
	   Memory (MB)          :  1708        2000      2000 

	Job terminated of its own accord at 2024-03-30T19:00:44Z.
...
