000 (5543760.000.000) 03/30 04:56:27 Job submitted from host: <188.185.121.235:9618?addrs=188.185.121.235-9618+[2001-1458-d00-49--100-36e]-9618&alias=bigbird22.cern.ch&noUDP&sock=schedd_7958_1ac4>
...
040 (5543760.000.000) 03/30 04:57:41 Started transferring input files
	Transferring to host: <128.142.248.15:9618?addrs=128.142.248.15-9618+[2001-1458-301-73--100-ff]-9618&alias=b9g23p2723.cern.ch&noUDP&sock=slot1_33_3500056_d4f2_103443>
...
040 (5543760.000.000) 03/30 04:57:41 Finished transferring input files
...
001 (5543760.000.000) 03/30 04:57:42 Job executing on host: <128.142.248.15:9618?addrs=128.142.248.15-9618+[2001-1458-301-73--100-ff]-9618&alias=b9g23p2723.cern.ch&noUDP&sock=startd_118454_2b7e>
...
006 (5543760.000.000) 03/30 04:57:51 Image size of job updated: 105000
	103  -  MemoryUsage of job (MB)
	104820  -  ResidentSetSize of job (KB)
...
006 (5543760.000.000) 03/30 05:02:51 Image size of job updated: 4541996
	3042  -  MemoryUsage of job (MB)
	3114028  -  ResidentSetSize of job (KB)
...
006 (5543760.000.000) 03/30 05:07:52 Image size of job updated: 4541996
	3043  -  MemoryUsage of job (MB)
	3115564  -  ResidentSetSize of job (KB)
...
006 (5543760.000.000) 03/30 05:12:52 Image size of job updated: 4541996
	4147  -  MemoryUsage of job (MB)
	4245544  -  ResidentSetSize of job (KB)
...
040 (5543760.000.000) 03/30 05:17:52 Started transferring output files
...
040 (5543760.000.000) 03/30 05:17:52 Finished transferring output files
...
009 (5543760.000.000) 03/30 05:17:53 Job was aborted.
	Job removed by SYSTEM_PERIODIC_REMOVE due to wall time exceeded allowed max.
...
