000 (3387196.000.000) 02/19 11:24:46 Job submitted from host: <188.185.8.79:9618?addrs=188.185.8.79-9618+[2001-1458-d00-63--100-23a]-9618&alias=bigbird26.cern.ch&noUDP&sock=schedd_7938_62df>
...
040 (3387196.000.000) 02/19 11:29:40 Started transferring input files
	Transferring to host: <188.184.195.20:9618?addrs=188.184.195.20-9618+[2001-1458-301-72--100-409]-9618&alias=b9g47n2619.cern.ch&noUDP&sock=slot1_1_4036988_ffbc_2389>
...
040 (3387196.000.000) 02/19 11:29:40 Finished transferring input files
...
001 (3387196.000.000) 02/19 11:29:41 Job executing on host: <188.184.195.20:9618?addrs=188.184.195.20-9618+[2001-1458-301-72--100-409]-9618&alias=b9g47n2619.cern.ch&noUDP&sock=startd_4036950_7fd7>
...
006 (3387196.000.000) 02/19 11:30:46 Image size of job updated: 25916
	26  -  MemoryUsage of job (MB)
	25916  -  ResidentSetSize of job (KB)
...
006 (3387196.000.000) 02/19 11:35:47 Image size of job updated: 5120768
	4004  -  MemoryUsage of job (MB)
	4099780  -  ResidentSetSize of job (KB)
...
006 (3387196.000.000) 02/19 11:40:48 Image size of job updated: 5120768
	4555  -  MemoryUsage of job (MB)
	4663320  -  ResidentSetSize of job (KB)
...
040 (3387196.000.000) 02/19 11:47:38 Started transferring output files
...
040 (3387196.000.000) 02/19 11:47:38 Finished transferring output files
...
005 (3387196.000.000) 02/19 11:47:38 Job terminated.
	(1) Normal termination (return value 1)
		Usr 0 00:06:57, Sys 0 00:05:36  -  Run Remote Usage
		Usr 0 00:00:00, Sys 0 00:00:00  -  Run Local Usage
		Usr 0 00:06:57, Sys 0 00:05:36  -  Total Remote Usage
		Usr 0 00:00:00, Sys 0 00:00:00  -  Total Local Usage
	4952  -  Run Bytes Sent By Job
	74945  -  Run Bytes Received By Job
	4952  -  Total Bytes Sent By Job
	74945  -  Total Bytes Received By Job
	Partitionable Resources :    Usage  Request Allocated Assigned
	   Cpus                 :     1.00        1         1 
	   Disk (KB)            :   125         100     99182 
	   Gpus (Average)       :     0.28        1         1 "GPU-ce719f31"
	   GpusMemory (MB)      :  9666                       
	   Memory (MB)          :  4555        2000      2000 

	Job terminated of its own accord at 2024-02-19T10:47:38Z.
...
