000 (3387197.000.000) 02/19 11:26:20 Job submitted from host: <188.185.8.79:9618?addrs=188.185.8.79-9618+[2001-1458-d00-63--100-23a]-9618&alias=bigbird26.cern.ch&noUDP&sock=schedd_7938_62df>
...
040 (3387197.000.000) 02/19 11:29:40 Started transferring input files
	Transferring to host: <188.184.195.160:9618?addrs=188.184.195.160-9618+[2001-1458-301-72--100-fa]-9618&alias=b9g47n3107.cern.ch&noUDP&sock=slot1_1_2101389_66a5_12869>
...
040 (3387197.000.000) 02/19 11:29:40 Finished transferring input files
...
001 (3387197.000.000) 02/19 11:29:41 Job executing on host: <188.184.195.160:9618?addrs=188.184.195.160-9618+[2001-1458-301-72--100-fa]-9618&alias=b9g47n3107.cern.ch&noUDP&sock=startd_1969198_9d98>
...
006 (3387197.000.000) 02/19 11:29:55 Image size of job updated: 85376
	84  -  MemoryUsage of job (MB)
	85296  -  ResidentSetSize of job (KB)
...
006 (3387197.000.000) 02/19 11:34:56 Image size of job updated: 5727892
	5334  -  MemoryUsage of job (MB)
	5462008  -  ResidentSetSize of job (KB)
...
006 (3387197.000.000) 02/19 11:39:56 Image size of job updated: 5727892
	5335  -  MemoryUsage of job (MB)
	5462052  -  ResidentSetSize of job (KB)
...
040 (3387197.000.000) 02/19 11:44:21 Started transferring output files
...
040 (3387197.000.000) 02/19 11:44:21 Finished transferring output files
...
005 (3387197.000.000) 02/19 11:44:21 Job terminated.
	(1) Normal termination (return value 1)
		Usr 0 00:06:07, Sys 0 00:07:04  -  Run Remote Usage
		Usr 0 00:00:00, Sys 0 00:00:00  -  Run Local Usage
		Usr 0 00:06:07, Sys 0 00:07:04  -  Total Remote Usage
		Usr 0 00:00:00, Sys 0 00:00:00  -  Total Local Usage
	4863  -  Run Bytes Sent By Job
	74945  -  Run Bytes Received By Job
	4863  -  Total Bytes Sent By Job
	74945  -  Total Bytes Received By Job
	Partitionable Resources :    Usage  Request Allocated Assigned
	   Cpus                 :     1.00        1         1 
	   Disk (KB)            :   125         100    296714 
	   Gpus (Average)       :     0.49        1         1 "GPU-6b601e6e"
	   GpusMemory (MB)      :  9959                       
	   Memory (MB)          :  5335        2000      2000 

	Job terminated of its own accord at 2024-02-19T10:44:21Z.
...
