000 (3462026.000.000) 02/26 18:35:41 Job submitted from host: <188.185.8.79:9618?addrs=188.185.8.79-9618+[2001-1458-d00-63--100-23a]-9618&alias=bigbird26.cern.ch&noUDP&sock=schedd_7938_62df>
...
040 (3462026.000.000) 02/26 18:42:35 Started transferring input files
	Transferring to host: <128.142.241.67:9618?addrs=128.142.241.67-9618+[2001-1458-301-ce--100-315]-9618&alias=b9g47n2884.cern.ch&noUDP&sock=slot1_2_449089_93af_17977>
...
040 (3462026.000.000) 02/26 18:42:36 Finished transferring input files
...
001 (3462026.000.000) 02/26 18:42:37 Job executing on host: <128.142.241.67:9618?addrs=128.142.241.67-9618+[2001-1458-301-ce--100-315]-9618&alias=b9g47n2884.cern.ch&noUDP&sock=startd_5637_1773>
...
006 (3462026.000.000) 02/26 18:43:30 Image size of job updated: 23796
	23  -  MemoryUsage of job (MB)
	23348  -  ResidentSetSize of job (KB)
...
006 (3462026.000.000) 02/26 18:48:30 Image size of job updated: 5744348
	5241  -  MemoryUsage of job (MB)
	5366336  -  ResidentSetSize of job (KB)
...
006 (3462026.000.000) 02/26 18:53:30 Image size of job updated: 5744348
	5241  -  MemoryUsage of job (MB)
	5366440  -  ResidentSetSize of job (KB)
...
006 (3462026.000.000) 02/26 18:58:31 Image size of job updated: 5744348
	5277  -  MemoryUsage of job (MB)
	5402808  -  ResidentSetSize of job (KB)
...
006 (3462026.000.000) 02/27 09:43:09 Image size of job updated: 6595956
	5277  -  MemoryUsage of job (MB)
	5402808  -  ResidentSetSize of job (KB)
...
040 (3462026.000.000) 02/27 09:43:09 Started transferring output files
...
040 (3462026.000.000) 02/27 09:43:10 Finished transferring output files
...
005 (3462026.000.000) 02/27 09:43:10 Job terminated.
	(1) Normal termination (return value 0)
		Usr 0 11:08:42, Sys 0 03:36:29  -  Run Remote Usage
		Usr 0 00:00:00, Sys 0 00:00:00  -  Run Local Usage
		Usr 0 11:08:42, Sys 0 03:36:29  -  Total Remote Usage
		Usr 0 00:00:00, Sys 0 00:00:00  -  Total Local Usage
	1543263  -  Run Bytes Sent By Job
	74945  -  Run Bytes Received By Job
	1543263  -  Total Bytes Sent By Job
	74945  -  Total Bytes Received By Job
	Partitionable Resources :    Usage  Request Allocated Assigned
	   Cpus                 :     0.98        1         1 
	   Disk (KB)            :  1627         100    484777 
	   Gpus (Average)       :     0.30        1         1 "GPU-d93dc087"
	   GpusMemory (MB)      : 23799                       
	   Memory (MB)          :  5277        2000      2000 

	Job terminated of its own accord at 2024-02-27T08:43:09Z.
...
