000 (3709374.000.000) 03/09 18:45:06 Job submitted from host: <188.185.8.79:9618?addrs=188.185.8.79-9618+[2001-1458-d00-63--100-23a]-9618&alias=bigbird26.cern.ch&noUDP&sock=schedd_7938_62df>
...
040 (3709374.000.000) 03/09 18:46:55 Started transferring input files
	Transferring to host: <188.185.93.122:9618?addrs=188.185.93.122-9618+[2001-1458-d00-6c--100-9b]-9618&alias=b9g57n1513.cern.ch&noUDP&sock=slot1_1_5628_2f5e_7966>
...
040 (3709374.000.000) 03/09 18:46:55 Finished transferring input files
...
001 (3709374.000.000) 03/09 18:46:56 Job executing on host: <188.185.93.122:9618?addrs=188.185.93.122-9618+[2001-1458-d00-6c--100-9b]-9618&alias=b9g57n1513.cern.ch&noUDP&sock=startd_5587_cbb7>
...
006 (3709374.000.000) 03/09 18:47:10 Image size of job updated: 32876
	31  -  MemoryUsage of job (MB)
	31028  -  ResidentSetSize of job (KB)
...
006 (3709374.000.000) 03/09 18:52:11 Image size of job updated: 2996428
	2927  -  MemoryUsage of job (MB)
	2996424  -  ResidentSetSize of job (KB)
...
006 (3709374.000.000) 03/09 18:57:12 Image size of job updated: 5192264
	5071  -  MemoryUsage of job (MB)
	5192260  -  ResidentSetSize of job (KB)
...
006 (3709374.000.000) 03/09 19:02:13 Image size of job updated: 6090764
	5947  -  MemoryUsage of job (MB)
	6088728  -  ResidentSetSize of job (KB)
...
006 (3709374.000.000) 03/09 19:07:13 Image size of job updated: 6618040
	6412  -  MemoryUsage of job (MB)
	6565348  -  ResidentSetSize of job (KB)
...
006 (3709374.000.000) 03/09 19:08:18 Image size of job updated: 6837952
	6412  -  MemoryUsage of job (MB)
	6565348  -  ResidentSetSize of job (KB)
...
040 (3709374.000.000) 03/09 19:08:18 Started transferring output files
...
040 (3709374.000.000) 03/09 19:08:19 Finished transferring output files
...
005 (3709374.000.000) 03/09 19:08:19 Job terminated.
	(1) Normal termination (return value 0)
		Usr 0 00:15:48, Sys 0 00:01:31  -  Run Remote Usage
		Usr 0 00:00:00, Sys 0 00:00:00  -  Run Local Usage
		Usr 0 00:15:48, Sys 0 00:01:31  -  Total Remote Usage
		Usr 0 00:00:00, Sys 0 00:00:00  -  Total Local Usage
	6052  -  Run Bytes Sent By Job
	79059  -  Run Bytes Received By Job
	6052  -  Total Bytes Sent By Job
	79059  -  Total Bytes Received By Job
	Partitionable Resources :    Usage  Request Allocated Assigned
	   Cpus                 :     0.99        1         1 
	   Disk (KB)            :   132         100    369757 
	   Gpus (Average)       :     0.00        1         1 "GPU-8d43ad94"
	   GpusMemory (MB)      :  1544                       
	   Memory (MB)          :  6412        2000      2000 

	Job terminated of its own accord at 2024-03-09T18:08:18Z.
...
