000 (3710722.000.000) 03/11 00:18:13 Job submitted from host: <188.185.8.79:9618?addrs=188.185.8.79-9618+[2001-1458-d00-63--100-23a]-9618&alias=bigbird26.cern.ch&noUDP&sock=schedd_7938_62df>
...
040 (3710722.000.000) 03/11 00:23:58 Started transferring input files
	Transferring to host: <188.184.195.187:9618?addrs=188.184.195.187-9618+[2001-1458-301-72--100-dc]-9618&alias=b9g47n8187.cern.ch&noUDP&sock=slot1_1_341060_5fa6_27061>
...
040 (3710722.000.000) 03/11 00:23:58 Finished transferring input files
...
001 (3710722.000.000) 03/11 00:23:59 Job executing on host: <188.184.195.187:9618?addrs=188.184.195.187-9618+[2001-1458-301-72--100-dc]-9618&alias=b9g47n8187.cern.ch&noUDP&sock=startd_2061_40c7>
...
006 (3710722.000.000) 03/11 00:24:10 Image size of job updated: 479904
	469  -  MemoryUsage of job (MB)
	479904  -  ResidentSetSize of job (KB)
...
006 (3710722.000.000) 03/11 00:29:11 Image size of job updated: 5336832
	4864  -  MemoryUsage of job (MB)
	4980200  -  ResidentSetSize of job (KB)
...
006 (3710722.000.000) 03/11 00:34:11 Image size of job updated: 5336832
	4914  -  MemoryUsage of job (MB)
	5031568  -  ResidentSetSize of job (KB)
...
006 (3710722.000.000) 03/11 00:39:11 Image size of job updated: 5336832
	4916  -  MemoryUsage of job (MB)
	5033608  -  ResidentSetSize of job (KB)
...
006 (3710722.000.000) 03/11 00:44:12 Image size of job updated: 5336832
	4917  -  MemoryUsage of job (MB)
	5034908  -  ResidentSetSize of job (KB)
...
006 (3710722.000.000) 03/11 00:49:13 Image size of job updated: 5336832
	4918  -  MemoryUsage of job (MB)
	5035164  -  ResidentSetSize of job (KB)
...
006 (3710722.000.000) 03/11 00:54:13 Image size of job updated: 5336832
	4918  -  MemoryUsage of job (MB)
	5035424  -  ResidentSetSize of job (KB)
...
006 (3710722.000.000) 03/11 09:41:58 Image size of job updated: 5606324
	4918  -  MemoryUsage of job (MB)
	5035424  -  ResidentSetSize of job (KB)
...
040 (3710722.000.000) 03/11 09:41:58 Started transferring output files
...
040 (3710722.000.000) 03/11 09:41:59 Finished transferring output files
...
005 (3710722.000.000) 03/11 09:41:59 Job terminated.
	(1) Normal termination (return value 0)
		Usr 0 09:11:26, Sys 0 00:01:07  -  Run Remote Usage
		Usr 0 00:00:00, Sys 0 00:00:00  -  Run Local Usage
		Usr 0 09:11:26, Sys 0 00:01:07  -  Total Remote Usage
		Usr 0 00:00:00, Sys 0 00:00:00  -  Total Local Usage
	1785655  -  Run Bytes Sent By Job
	79047  -  Run Bytes Received By Job
	1785655  -  Total Bytes Sent By Job
	79047  -  Total Bytes Received By Job
	Partitionable Resources :    Usage  Request Allocated Assigned
	   Cpus                 :     0.99        1         1 
	   Disk (KB)            :  1869         100    171853 
	   Gpus (Average)       :     0.41        1         1 "GPU-111bb3d1"
	   GpusMemory (MB)      : 23591                       
	   Memory (MB)          :  4918        2000      2000 

	Job terminated of its own accord at 2024-03-11T08:41:58Z.
...
