000 (3710720.000.000) 03/10 23:58:25 Job submitted from host: <188.185.8.79:9618?addrs=188.185.8.79-9618+[2001-1458-d00-63--100-23a]-9618&alias=bigbird26.cern.ch&noUDP&sock=schedd_7938_62df>
...
040 (3710720.000.000) 03/10 23:59:56 Started transferring input files
	Transferring to host: <188.184.195.187:9618?addrs=188.184.195.187-9618+[2001-1458-301-72--100-dc]-9618&alias=b9g47n8187.cern.ch&noUDP&sock=slot1_1_341060_5fa6_27051>
...
040 (3710720.000.000) 03/10 23:59:56 Finished transferring input files
...
001 (3710720.000.000) 03/10 23:59:57 Job executing on host: <188.184.195.187:9618?addrs=188.184.195.187-9618+[2001-1458-301-72--100-dc]-9618&alias=b9g47n8187.cern.ch&noUDP&sock=startd_2061_40c7>
...
006 (3710720.000.000) 03/11 00:00:07 Image size of job updated: 173768
	170  -  MemoryUsage of job (MB)
	173768  -  ResidentSetSize of job (KB)
...
006 (3710720.000.000) 03/11 00:00:25 Image size of job updated: 2091160
	170  -  MemoryUsage of job (MB)
	173928  -  ResidentSetSize of job (KB)
...
040 (3710720.000.000) 03/11 00:00:25 Started transferring output files
...
040 (3710720.000.000) 03/11 00:00:25 Finished transferring output files
...
005 (3710720.000.000) 03/11 00:00:25 Job terminated.
	(1) Normal termination (return value 0)
		Usr 0 00:00:15, Sys 0 00:00:06  -  Run Remote Usage
		Usr 0 00:00:00, Sys 0 00:00:00  -  Run Local Usage
		Usr 0 00:00:15, Sys 0 00:00:06  -  Total Remote Usage
		Usr 0 00:00:00, Sys 0 00:00:00  -  Total Local Usage
	5947  -  Run Bytes Sent By Job
	79031  -  Run Bytes Received By Job
	5947  -  Total Bytes Sent By Job
	79031  -  Total Bytes Received By Job
	Partitionable Resources :    Usage  Request Allocated Assigned
	   Cpus                 :                 1         1 
	   Disk (KB)            :      123      100    171867 
	   Gpus (Average)       :                 1         1 "GPU-111bb3d1"
	   Memory (MB)          :      170     2000      2000 

	Job terminated of its own accord at 2024-03-10T23:00:25Z.
...
