000 (3710721.000.000) 03/11 00:01:02 Job submitted from host: <188.185.8.79:9618?addrs=188.185.8.79-9618+[2001-1458-d00-63--100-23a]-9618&alias=bigbird26.cern.ch&noUDP&sock=schedd_7938_62df>
...
040 (3710721.000.000) 03/11 00:06:23 Started transferring input files
	Transferring to host: <188.184.195.187:9618?addrs=188.184.195.187-9618+[2001-1458-301-72--100-dc]-9618&alias=b9g47n8187.cern.ch&noUDP&sock=slot1_1_341060_5fa6_27053>
...
040 (3710721.000.000) 03/11 00:06:23 Finished transferring input files
...
001 (3710721.000.000) 03/11 00:06:24 Job executing on host: <188.184.195.187:9618?addrs=188.184.195.187-9618+[2001-1458-301-72--100-dc]-9618&alias=b9g47n8187.cern.ch&noUDP&sock=startd_2061_40c7>
...
006 (3710721.000.000) 03/11 00:06:35 Image size of job updated: 208744
	204  -  MemoryUsage of job (MB)
	208744  -  ResidentSetSize of job (KB)
...
006 (3710721.000.000) 03/11 00:07:13 Image size of job updated: 2152504
	204  -  MemoryUsage of job (MB)
	208744  -  ResidentSetSize of job (KB)
...
040 (3710721.000.000) 03/11 00:07:13 Started transferring output files
...
040 (3710721.000.000) 03/11 00:07:13 Finished transferring output files
...
005 (3710721.000.000) 03/11 00:07:13 Job terminated.
	(1) Normal termination (return value 0)
		Usr 0 00:00:14, Sys 0 00:00:06  -  Run Remote Usage
		Usr 0 00:00:00, Sys 0 00:00:00  -  Run Local Usage
		Usr 0 00:00:14, Sys 0 00:00:06  -  Total Remote Usage
		Usr 0 00:00:00, Sys 0 00:00:00  -  Total Local Usage
	6017  -  Run Bytes Sent By Job
	79041  -  Run Bytes Received By Job
	6017  -  Total Bytes Sent By Job
	79041  -  Total Bytes Received By Job
	Partitionable Resources :    Usage  Request Allocated Assigned
	   Cpus                 :     0.14        1         1 
	   Disk (KB)            :   132         100    171867 
	   Gpus (Average)       :     0.02        1         1 "GPU-111bb3d1"
	   GpusMemory (MB)      :  6205                       
	   Memory (MB)          :   204        2000      2000 

	Job terminated of its own accord at 2024-03-10T23:07:13Z.
...
