000 (3725711.000.000) 03/11 22:03:35 Job submitted from host: <188.185.8.79:9618?addrs=188.185.8.79-9618+[2001-1458-d00-63--100-23a]-9618&alias=bigbird26.cern.ch&noUDP&sock=schedd_7938_62df>
...
040 (3725711.000.000) 03/11 22:06:50 Started transferring input files
	Transferring to host: <128.142.241.105:9618?addrs=128.142.241.105-9618+[2001-1458-301-ce--100-4b]-9618&alias=b9g47n5388.cern.ch&noUDP&sock=slot1_1_2478222_56e1_27218>
...
040 (3725711.000.000) 03/11 22:06:50 Finished transferring input files
...
001 (3725711.000.000) 03/11 22:06:51 Job executing on host: <128.142.241.105:9618?addrs=128.142.241.105-9618+[2001-1458-301-ce--100-4b]-9618&alias=b9g47n5388.cern.ch&noUDP&sock=startd_1646_98fa>
...
006 (3725711.000.000) 03/11 22:07:04 Image size of job updated: 66416
	30  -  MemoryUsage of job (MB)
	30596  -  ResidentSetSize of job (KB)
...
006 (3725711.000.000) 03/11 22:09:36 Image size of job updated: 2824752
	896  -  MemoryUsage of job (MB)
	917084  -  ResidentSetSize of job (KB)
...
040 (3725711.000.000) 03/11 22:09:36 Started transferring output files
...
040 (3725711.000.000) 03/11 22:09:36 Finished transferring output files
...
005 (3725711.000.000) 03/11 22:09:36 Job terminated.
	(1) Normal termination (return value 0)
		Usr 0 00:00:20, Sys 0 00:00:13  -  Run Remote Usage
		Usr 0 00:00:00, Sys 0 00:00:00  -  Run Local Usage
		Usr 0 00:00:20, Sys 0 00:00:13  -  Total Remote Usage
		Usr 0 00:00:00, Sys 0 00:00:00  -  Total Local Usage
	6015  -  Run Bytes Sent By Job
	78584  -  Run Bytes Received By Job
	6015  -  Total Bytes Sent By Job
	78584  -  Total Bytes Received By Job
	Partitionable Resources :    Usage  Request Allocated Assigned
	   Cpus                 :                 1         1 
	   Disk (KB)            :      122      100     86122 
	   Gpus (Average)       :                 1         1 "GPU-6f3c1fe7"
	   Memory (MB)          :      896     2000      2000 

	Job terminated of its own accord at 2024-03-11T21:09:36Z.
...
