000 (3725565.000.000) 03/11 21:59:44 Job submitted from host: <188.185.8.79:9618?addrs=188.185.8.79-9618+[2001-1458-d00-63--100-23a]-9618&alias=bigbird26.cern.ch&noUDP&sock=schedd_7938_62df>
...
040 (3725565.000.000) 03/11 22:00:51 Started transferring input files
	Transferring to host: <128.142.241.105:9618?addrs=128.142.241.105-9618+[2001-1458-301-ce--100-4b]-9618&alias=b9g47n5388.cern.ch&noUDP&sock=slot1_1_2478222_56e1_27215>
...
040 (3725565.000.000) 03/11 22:00:51 Finished transferring input files
...
001 (3725565.000.000) 03/11 22:00:52 Job executing on host: <128.142.241.105:9618?addrs=128.142.241.105-9618+[2001-1458-301-ce--100-4b]-9618&alias=b9g47n5388.cern.ch&noUDP&sock=startd_1646_98fa>
...
006 (3725565.000.000) 03/11 22:01:26 Image size of job updated: 25796
	25  -  MemoryUsage of job (MB)
	25588  -  ResidentSetSize of job (KB)
...
006 (3725565.000.000) 03/11 22:01:54 Image size of job updated: 174272
	114  -  MemoryUsage of job (MB)
	115924  -  ResidentSetSize of job (KB)
...
040 (3725565.000.000) 03/11 22:01:54 Started transferring output files
...
040 (3725565.000.000) 03/11 22:01:54 Finished transferring output files
...
004 (3725565.000.000) 03/11 22:01:54 Job was evicted.
	(0) CPU times
		Usr 0 00:00:01, Sys 0 00:00:06  -  Run Remote Usage
		Usr 0 00:00:00, Sys 0 00:00:00  -  Run Local Usage
	27  -  Run Bytes Sent By Job
	78581  -  Run Bytes Received By Job
	Partitionable Resources :    Usage  Request Allocated Assigned
	   Cpus                 :                 1         1 
	   Disk (KB)            :       94      100     87644 
	   Gpus (Average)       :                 1         1 "GPU-6f3c1fe7"
	   Memory (MB)          :      114     2000      2000 
...
009 (3725565.000.000) 03/11 22:01:54 Job was aborted.
	via condor_rm (by user dboncukc)
...
