000 (3726371.000.000) 03/11 22:19:58 Job submitted from host: <188.185.8.79:9618?addrs=188.185.8.79-9618+[2001-1458-d00-63--100-23a]-9618&alias=bigbird26.cern.ch&noUDP&sock=schedd_7938_62df>
...
040 (3726371.000.000) 03/11 22:24:51 Started transferring input files
	Transferring to host: <128.142.241.105:9618?addrs=128.142.241.105-9618+[2001-1458-301-ce--100-4b]-9618&alias=b9g47n5388.cern.ch&noUDP&sock=slot1_1_2478222_56e1_27230>
...
040 (3726371.000.000) 03/11 22:24:51 Finished transferring input files
...
001 (3726371.000.000) 03/11 22:24:52 Job executing on host: <128.142.241.105:9618?addrs=128.142.241.105-9618+[2001-1458-301-ce--100-4b]-9618&alias=b9g47n5388.cern.ch&noUDP&sock=startd_1646_98fa>
...
006 (3726371.000.000) 03/11 22:25:07 Image size of job updated: 86116
	70  -  MemoryUsage of job (MB)
	71424  -  ResidentSetSize of job (KB)
...
006 (3726371.000.000) 03/11 22:30:08 Image size of job updated: 5365672
	4905  -  MemoryUsage of job (MB)
	5022476  -  ResidentSetSize of job (KB)
...
006 (3726371.000.000) 03/11 22:35:09 Image size of job updated: 5365672
	4940  -  MemoryUsage of job (MB)
	5058380  -  ResidentSetSize of job (KB)
...
006 (3726371.000.000) 03/12 11:00:47 Image size of job updated: 5513384
	4940  -  MemoryUsage of job (MB)
	5058380  -  ResidentSetSize of job (KB)
...
040 (3726371.000.000) 03/12 11:00:47 Started transferring output files
...
040 (3726371.000.000) 03/12 11:00:48 Finished transferring output files
...
005 (3726371.000.000) 03/12 11:00:48 Job terminated.
	(1) Normal termination (return value 0)
		Usr 0 09:03:07, Sys 0 03:32:42  -  Run Remote Usage
		Usr 0 00:00:00, Sys 0 00:00:00  -  Run Local Usage
		Usr 0 09:03:07, Sys 0 03:32:42  -  Total Remote Usage
		Usr 0 00:00:00, Sys 0 00:00:00  -  Total Local Usage
	1543608  -  Run Bytes Sent By Job
	78582  -  Run Bytes Received By Job
	1543608  -  Total Bytes Sent By Job
	78582  -  Total Bytes Received By Job
	Partitionable Resources :    Usage  Request Allocated Assigned
	   Cpus                 :     1.00        1         1 
	   Disk (KB)            :  1632         100     84284 
	   Gpus (Average)       :     0.36        1         1 "GPU-6f3c1fe7"
	   GpusMemory (MB)      : 23909                       
	   Memory (MB)          :  4940        2000      2000 

	Job terminated of its own accord at 2024-03-12T10:00:47Z.
...
