000 (3726329.000.000) 03/11 22:19:04 Job submitted from host: <188.185.8.79:9618?addrs=188.185.8.79-9618+[2001-1458-d00-63--100-23a]-9618&alias=bigbird26.cern.ch&noUDP&sock=schedd_7938_62df>
...
040 (3726329.000.000) 03/11 22:24:51 Started transferring input files
	Transferring to host: <188.184.195.82:9618?addrs=188.184.195.82-9618+[2001-1458-301-72--100-210]-9618&alias=b9g47n7913.cern.ch&noUDP&sock=slot1_1_1654794_d295_10210>
...
040 (3726329.000.000) 03/11 22:24:51 Finished transferring input files
...
001 (3726329.000.000) 03/11 22:24:52 Job executing on host: <188.184.195.82:9618?addrs=188.184.195.82-9618+[2001-1458-301-72--100-210]-9618&alias=b9g47n7913.cern.ch&noUDP&sock=startd_1933_74a8>
...
006 (3726329.000.000) 03/11 22:25:03 Image size of job updated: 241860
	237  -  MemoryUsage of job (MB)
	241860  -  ResidentSetSize of job (KB)
...
006 (3726329.000.000) 03/11 22:30:03 Image size of job updated: 5379528
	4797  -  MemoryUsage of job (MB)
	4912080  -  ResidentSetSize of job (KB)
...
006 (3726329.000.000) 03/11 22:35:04 Image size of job updated: 5379528
	4816  -  MemoryUsage of job (MB)
	4930688  -  ResidentSetSize of job (KB)
...
006 (3726329.000.000) 03/11 22:40:05 Image size of job updated: 5379528
	4820  -  MemoryUsage of job (MB)
	4935392  -  ResidentSetSize of job (KB)
...
006 (3726329.000.000) 03/11 22:45:05 Image size of job updated: 5379528
	4830  -  MemoryUsage of job (MB)
	4945072  -  ResidentSetSize of job (KB)
...
006 (3726329.000.000) 03/11 22:50:06 Image size of job updated: 5379528
	4831  -  MemoryUsage of job (MB)
	4946280  -  ResidentSetSize of job (KB)
...
006 (3726329.000.000) 03/12 07:40:07 Image size of job updated: 5510588
	4831  -  MemoryUsage of job (MB)
	4946280  -  ResidentSetSize of job (KB)
...
040 (3726329.000.000) 03/12 07:40:07 Started transferring output files
...
040 (3726329.000.000) 03/12 07:40:08 Finished transferring output files
...
005 (3726329.000.000) 03/12 07:40:08 Job terminated.
	(1) Normal termination (return value 0)
		Usr 0 09:09:44, Sys 0 00:00:54  -  Run Remote Usage
		Usr 0 00:00:00, Sys 0 00:00:00  -  Run Local Usage
		Usr 0 09:09:44, Sys 0 00:00:54  -  Total Remote Usage
		Usr 0 00:00:00, Sys 0 00:00:00  -  Total Local Usage
	1543551  -  Run Bytes Sent By Job
	78582  -  Run Bytes Received By Job
	1543551  -  Total Bytes Sent By Job
	78582  -  Total Bytes Received By Job
	Partitionable Resources :    Usage  Request Allocated Assigned
	   Cpus                 :     0.99        1         1 
	   Disk (KB)            :  1633         100    176989 
	   Gpus (Average)       :     0.41        1         1 "GPU-8692f1ae"
	   GpusMemory (MB)      : 23591                       
	   Memory (MB)          :  4831        2000      2000 

	Job terminated of its own accord at 2024-03-12T06:40:07Z.
...
