000 (3729649.000.000) 03/12 11:04:24 Job submitted from host: <188.185.8.79:9618?addrs=188.185.8.79-9618+[2001-1458-d00-63--100-23a]-9618&alias=bigbird26.cern.ch&noUDP&sock=schedd_7938_62df>
...
040 (3729649.000.000) 03/12 11:08:15 Started transferring input files
	Transferring to host: <188.184.195.82:9618?addrs=188.184.195.82-9618+[2001-1458-301-72--100-210]-9618&alias=b9g47n7913.cern.ch&noUDP&sock=slot1_1_1654794_d295_10576>
...
040 (3729649.000.000) 03/12 11:08:15 Finished transferring input files
...
001 (3729649.000.000) 03/12 11:08:16 Job executing on host: <188.184.195.82:9618?addrs=188.184.195.82-9618+[2001-1458-301-72--100-210]-9618&alias=b9g47n7913.cern.ch&noUDP&sock=startd_1933_74a8>
...
006 (3729649.000.000) 03/12 11:08:27 Image size of job updated: 190080
	186  -  MemoryUsage of job (MB)
	190080  -  ResidentSetSize of job (KB)
...
006 (3729649.000.000) 03/12 11:09:13 Image size of job updated: 3020588
	1072  -  MemoryUsage of job (MB)
	1097664  -  ResidentSetSize of job (KB)
...
040 (3729649.000.000) 03/12 11:09:13 Started transferring output files
...
040 (3729649.000.000) 03/12 11:09:13 Finished transferring output files
...
005 (3729649.000.000) 03/12 11:09:13 Job terminated.
	(1) Normal termination (return value 0)
		Usr 0 00:00:15, Sys 0 00:00:07  -  Run Remote Usage
		Usr 0 00:00:00, Sys 0 00:00:00  -  Run Local Usage
		Usr 0 00:00:15, Sys 0 00:00:07  -  Total Remote Usage
		Usr 0 00:00:00, Sys 0 00:00:00  -  Total Local Usage
	5945  -  Run Bytes Sent By Job
	78569  -  Run Bytes Received By Job
	5945  -  Total Bytes Sent By Job
	78569  -  Total Bytes Received By Job
	Partitionable Resources :    Usage  Request Allocated Assigned
	   Cpus                 :                 1         1 
	   Disk (KB)            :      123      100    176682 
	   Gpus (Average)       :                 1         1 "GPU-8692f1ae"
	   Memory (MB)          :     1072     2000      2000 

	Job terminated of its own accord at 2024-03-12T10:09:13Z.
...
