000 (3729662.000.000) 03/12 11:35:59 Job submitted from host: <188.185.8.79:9618?addrs=188.185.8.79-9618+[2001-1458-d00-63--100-23a]-9618&alias=bigbird26.cern.ch&noUDP&sock=schedd_7938_62df>
...
040 (3729662.000.000) 03/12 11:37:42 Started transferring input files
	Transferring to host: <188.184.195.82:9618?addrs=188.184.195.82-9618+[2001-1458-301-72--100-210]-9618&alias=b9g47n7913.cern.ch&noUDP&sock=slot1_1_1654794_d295_10592>
...
040 (3729662.000.000) 03/12 11:37:42 Finished transferring input files
...
001 (3729662.000.000) 03/12 11:37:43 Job executing on host: <188.184.195.82:9618?addrs=188.184.195.82-9618+[2001-1458-301-72--100-210]-9618&alias=b9g47n7913.cern.ch&noUDP&sock=startd_1933_74a8>
...
006 (3729662.000.000) 03/12 11:37:54 Image size of job updated: 190064
	185  -  MemoryUsage of job (MB)
	189264  -  ResidentSetSize of job (KB)
...
006 (3729662.000.000) 03/12 11:42:54 Image size of job updated: 5513876
	5038  -  MemoryUsage of job (MB)
	5158580  -  ResidentSetSize of job (KB)
...
006 (3729662.000.000) 03/12 11:47:55 Image size of job updated: 5513876
	5073  -  MemoryUsage of job (MB)
	5194672  -  ResidentSetSize of job (KB)
...
006 (3729662.000.000) 03/12 12:47:30 Image size of job updated: 5639092
	5073  -  MemoryUsage of job (MB)
	5194672  -  ResidentSetSize of job (KB)
...
040 (3729662.000.000) 03/12 12:47:30 Started transferring output files
...
040 (3729662.000.000) 03/12 12:47:30 Finished transferring output files
...
005 (3729662.000.000) 03/12 12:47:30 Job terminated.
	(1) Normal termination (return value 0)
		Usr 0 01:07:49, Sys 0 00:00:18  -  Run Remote Usage
		Usr 0 00:00:00, Sys 0 00:00:00  -  Run Local Usage
		Usr 0 01:07:49, Sys 0 00:00:18  -  Total Remote Usage
		Usr 0 00:00:00, Sys 0 00:00:00  -  Total Local Usage
	159897  -  Run Bytes Sent By Job
	78583  -  Run Bytes Received By Job
	159897  -  Total Bytes Sent By Job
	78583  -  Total Bytes Received By Job
	Partitionable Resources :    Usage  Request Allocated Assigned
	   Cpus                 :     0.99        1         1 
	   Disk (KB)            :   282         100    176679 
	   Gpus (Average)       :     0.39        1         1 "GPU-8692f1ae"
	   GpusMemory (MB)      : 23755                       
	   Memory (MB)          :  5073        2000      2000 

	Job terminated of its own accord at 2024-03-12T11:47:30Z.
...
