000 (3729651.000.000) 03/12 11:10:43 Job submitted from host: <188.185.8.79:9618?addrs=188.185.8.79-9618+[2001-1458-d00-63--100-23a]-9618&alias=bigbird26.cern.ch&noUDP&sock=schedd_7938_62df>
...
040 (3729651.000.000) 03/12 11:13:36 Started transferring input files
	Transferring to host: <188.184.195.82:9618?addrs=188.184.195.82-9618+[2001-1458-301-72--100-210]-9618&alias=b9g47n7913.cern.ch&noUDP&sock=slot1_1_1654794_d295_10578>
...
040 (3729651.000.000) 03/12 11:13:36 Finished transferring input files
...
001 (3729651.000.000) 03/12 11:13:37 Job executing on host: <188.184.195.82:9618?addrs=188.184.195.82-9618+[2001-1458-301-72--100-210]-9618&alias=b9g47n7913.cern.ch&noUDP&sock=startd_1933_74a8>
...
006 (3729651.000.000) 03/12 11:13:47 Image size of job updated: 186960
	183  -  MemoryUsage of job (MB)
	186960  -  ResidentSetSize of job (KB)
...
006 (3729651.000.000) 03/12 11:14:05 Image size of job updated: 1960128
	183  -  MemoryUsage of job (MB)
	186960  -  ResidentSetSize of job (KB)
...
040 (3729651.000.000) 03/12 11:14:05 Started transferring output files
...
040 (3729651.000.000) 03/12 11:14:06 Finished transferring output files
...
005 (3729651.000.000) 03/12 11:14:06 Job terminated.
	(1) Normal termination (return value 0)
		Usr 0 00:00:15, Sys 0 00:00:06  -  Run Remote Usage
		Usr 0 00:00:00, Sys 0 00:00:00  -  Run Local Usage
		Usr 0 00:00:15, Sys 0 00:00:06  -  Total Remote Usage
		Usr 0 00:00:00, Sys 0 00:00:00  -  Total Local Usage
	6005  -  Run Bytes Sent By Job
	78582  -  Run Bytes Received By Job
	6005  -  Total Bytes Sent By Job
	78582  -  Total Bytes Received By Job
	Partitionable Resources :    Usage  Request Allocated Assigned
	   Cpus                 :                 1         1 
	   Disk (KB)            :      123      100    176681 
	   Gpus (Average)       :                 1         1 "GPU-8692f1ae"
	   Memory (MB)          :      183     2000      2000 

	Job terminated of its own accord at 2024-03-12T10:14:05Z.
...
