000 (3729663.000.000) 03/12 11:38:52 Job submitted from host: <188.185.8.79:9618?addrs=188.185.8.79-9618+[2001-1458-d00-63--100-23a]-9618&alias=bigbird26.cern.ch&noUDP&sock=schedd_7938_62df>
...
040 (3729663.000.000) 03/12 11:43:22 Started transferring input files
	Transferring to host: <128.142.241.126:9618?addrs=128.142.241.126-9618+[2001-1458-301-ce--100-2ea]-9618&alias=b9g47n8765.cern.ch&noUDP&sock=slot1_3_518315_8e6e_28454>
...
040 (3729663.000.000) 03/12 11:43:22 Finished transferring input files
...
001 (3729663.000.000) 03/12 11:43:23 Job executing on host: <128.142.241.126:9618?addrs=128.142.241.126-9618+[2001-1458-301-ce--100-2ea]-9618&alias=b9g47n8765.cern.ch&noUDP&sock=startd_2142_cff3>
...
006 (3729663.000.000) 03/12 11:44:33 Image size of job updated: 24052
	24  -  MemoryUsage of job (MB)
	23952  -  ResidentSetSize of job (KB)
...
006 (3729663.000.000) 03/12 11:49:34 Image size of job updated: 5722468
	5223  -  MemoryUsage of job (MB)
	5348028  -  ResidentSetSize of job (KB)
...
006 (3729663.000.000) 03/12 13:09:40 Image size of job updated: 5722468
	5228  -  MemoryUsage of job (MB)
	5352996  -  ResidentSetSize of job (KB)
...
006 (3729663.000.000) 03/12 13:14:18 Image size of job updated: 6605340
	5228  -  MemoryUsage of job (MB)
	5352996  -  ResidentSetSize of job (KB)
...
040 (3729663.000.000) 03/12 13:14:18 Started transferring output files
...
040 (3729663.000.000) 03/12 13:14:18 Finished transferring output files
...
005 (3729663.000.000) 03/12 13:14:18 Job terminated.
	(1) Normal termination (return value 0)
		Usr 0 01:02:36, Sys 0 00:24:52  -  Run Remote Usage
		Usr 0 00:00:00, Sys 0 00:00:00  -  Run Local Usage
		Usr 0 01:02:36, Sys 0 00:24:52  -  Total Remote Usage
		Usr 0 00:00:00, Sys 0 00:00:00  -  Total Local Usage
	183414  -  Run Bytes Sent By Job
	78563  -  Run Bytes Received By Job
	183414  -  Total Bytes Sent By Job
	78563  -  Total Bytes Received By Job
	Partitionable Resources :    Usage  Request Allocated Assigned
	   Cpus                 :     1.00        1         1 
	   Disk (KB)            :   304         100    487223 
	   Gpus (Average)       :     0.35        1         1 "GPU-0263aa3b"
	   GpusMemory (MB)      : 24025                       
	   Memory (MB)          :  5228        2000      2000 

	Job terminated of its own accord at 2024-03-12T12:14:18Z.
...
