000 (3741595.000.000) 03/13 07:27:05 Job submitted from host: <188.185.8.79:9618?addrs=188.185.8.79-9618+[2001-1458-d00-63--100-23a]-9618&alias=bigbird26.cern.ch&noUDP&sock=schedd_7938_62df>
...
040 (3741595.000.000) 03/13 07:32:26 Started transferring input files
	Transferring to host: <188.184.195.215:9618?addrs=188.184.195.215-9618+[2001-1458-301-72--100-cf]-9618&alias=b9g47n0359.cern.ch&noUDP&sock=slot1_1_1325127_9917_13252>
...
040 (3741595.000.000) 03/13 07:32:26 Finished transferring input files
...
001 (3741595.000.000) 03/13 07:32:27 Job executing on host: <188.184.195.215:9618?addrs=188.184.195.215-9618+[2001-1458-301-72--100-cf]-9618&alias=b9g47n0359.cern.ch&noUDP&sock=startd_4967_86ff>
...
006 (3741595.000.000) 03/13 07:33:11 Image size of job updated: 35044
	33  -  MemoryUsage of job (MB)
	33540  -  ResidentSetSize of job (KB)
...
006 (3741595.000.000) 03/13 07:38:12 Image size of job updated: 5286612
	4841  -  MemoryUsage of job (MB)
	4956952  -  ResidentSetSize of job (KB)
...
006 (3741595.000.000) 03/13 08:41:29 Image size of job updated: 5810112
	4841  -  MemoryUsage of job (MB)
	4956952  -  ResidentSetSize of job (KB)
...
040 (3741595.000.000) 03/13 08:41:30 Started transferring output files
...
040 (3741595.000.000) 03/13 08:41:30 Finished transferring output files
...
005 (3741595.000.000) 03/13 08:41:30 Job terminated.
	(1) Normal termination (return value 0)
		Usr 0 01:04:50, Sys 0 00:00:17  -  Run Remote Usage
		Usr 0 00:00:00, Sys 0 00:00:00  -  Run Local Usage
		Usr 0 01:04:50, Sys 0 00:00:17  -  Total Remote Usage
		Usr 0 00:00:00, Sys 0 00:00:00  -  Total Local Usage
	183415  -  Run Bytes Sent By Job
	78692  -  Run Bytes Received By Job
	183415  -  Total Bytes Sent By Job
	78692  -  Total Bytes Received By Job
	Partitionable Resources :    Usage  Request Allocated Assigned
	   Cpus                 :     0.99        1         1 
	   Disk (KB)            :   305         100    169507 
	   Gpus (Average)       :     0.40        1         1 "GPU-79da0196"
	   GpusMemory (MB)      : 23519                       
	   Memory (MB)          :  4841        2000      2000 

	Job terminated of its own accord at 2024-03-13T07:41:29Z.
...
